[0.000][INFO]:      ChromeDriver 26.0.1383.0 /Users/diana.tzinov/bin/chromedriver
[0.937][FINE]:      Initializing session with capabilities {
   "browserName": "chrome",
   "chromeOptions": {
      "args": [  ],
      "binary": "",
      "extensions": [  ]
   },
   "javascriptEnabled": true,
   "platform": "ANY",
   "version": ""
}

[0.939][INFO]:      Launching chrome: /Applications/Google Chrome.app/Contents/MacOS/Google Chrome --disable-hang-monitor --disable-prompt-on-repost --dom-automation --full-memory-crash-report --no-default-browser-check --no-first-run --disable-background-networking --disable-sync --disable-translate --disable-web-resources --safebrowsing-disable-auto-update --safebrowsing-disable-download-protection --disable-client-side-phishing-detection --disable-component-update --disable-default-apps --enable-logging --log-level=1 --use-mock-keychain --ignore-certificate-errors about:blank
[2.270][INFO]:      Connected to Chrome successfully. Version: 28.0.1500.71
[2.288][FINE]:      Command received (/session/e831ce54f0a77099967b351c837911e2)
[2.288][FINE]:      Command finished (/session/e831ce54f0a77099967b351c837911e2) with response {
   "sessionId": "e831ce54f0a77099967b351c837911e2",
   "status": 0,
   "value": {
      "acceptSslCerts": false,
      "applicationCacheEnabled": false,
      "browserConnectionEnabled": false,
      "browserName": "chrome",
      "chrome.chromedriverVersion": "26.0.1383.0",
      "cssSelectorsEnabled": true,
      "databaseEnabled": false,
      "handlesAlerts": true,
      "javascriptEnabled": true,
      "locationContextEnabled": false,
      "nativeEvents": true,
      "platform": "mac",
      "rotatable": false,
      "takesScreenshot": true,
      "version": "28.0.1500.71",
      "webStorageEnabled": true
   }
}

[2.299][FINE]:      Command received (/session/e831ce54f0a77099967b351c837911e2/url) with params {
   "sessionId": "e831ce54f0a77099967b351c837911e2",
   "url": " http://grc-dev.appspot.com/"
}

[2.299][FINER]:     Waiting for all views to stop loading...
[2.300][FINER]:     Done waiting for all views to stop loading
[3.391][FINER]:     Waiting for all views to stop loading...
[3.391][FINER]:     Done waiting for all views to stop loading
[3.391][FINE]:      Command finished (/session/e831ce54f0a77099967b351c837911e2/url) with response {
   "sessionId": "e831ce54f0a77099967b351c837911e2",
   "status": 0,
   "value": {

   }
}

[3.394][FINE]:      Command received (/session/e831ce54f0a77099967b351c837911e2/element) with params {
   "sessionId": "e831ce54f0a77099967b351c837911e2",
   "using": "xpath",
   "value": "//a[2]"
}

[3.394][FINER]:     Waiting for all views to stop loading...
[3.394][FINER]:     Done waiting for all views to stop loading
[3.476][FINER]:     Waiting for all views to stop loading...
[3.476][FINER]:     Done waiting for all views to stop loading
[3.476][FINE]:      Command finished (/session/e831ce54f0a77099967b351c837911e2/element) with response {
   "sessionId": "e831ce54f0a77099967b351c837911e2",
   "status": 0,
   "value": {
      "ELEMENT": ":wdc:1374727442398"
   }
}

[3.478][FINE]:      Command received (/session/e831ce54f0a77099967b351c837911e2/element) with params {
   "sessionId": "e831ce54f0a77099967b351c837911e2",
   "using": "xpath",
   "value": "//a[2]"
}

[3.478][FINER]:     Waiting for all views to stop loading...
[3.479][FINER]:     Done waiting for all views to stop loading
[3.486][FINER]:     Waiting for all views to stop loading...
[3.486][FINER]:     Done waiting for all views to stop loading
[3.486][FINE]:      Command finished (/session/e831ce54f0a77099967b351c837911e2/element) with response {
   "sessionId": "e831ce54f0a77099967b351c837911e2",
   "status": 0,
   "value": {
      "ELEMENT": ":wdc:1374727442398"
   }
}

[3.488][FINE]:      Command received (/session/e831ce54f0a77099967b351c837911e2/element) with params {
   "sessionId": "e831ce54f0a77099967b351c837911e2",
   "using": "xpath",
   "value": "//a[2]"
}

[3.488][FINER]:     Waiting for all views to stop loading...
[3.489][FINER]:     Done waiting for all views to stop loading
[3.494][FINER]:     Waiting for all views to stop loading...
[3.494][FINER]:     Done waiting for all views to stop loading
[3.494][FINE]:      Command finished (/session/e831ce54f0a77099967b351c837911e2/element) with response {
   "sessionId": "e831ce54f0a77099967b351c837911e2",
   "status": 0,
   "value": {
      "ELEMENT": ":wdc:1374727442398"
   }
}

[3.497][FINE]:      Command received (/session/e831ce54f0a77099967b351c837911e2/execute) with params {
   "args": [ {
      "ELEMENT": ":wdc:1374727442398"
   } ],
   "script": "return arguments[0].click();",
   "sessionId": "e831ce54f0a77099967b351c837911e2"
}

[3.497][FINER]:     Waiting for all views to stop loading...
[3.497][FINER]:     Done waiting for all views to stop loading
[3.527][FINER]:     Waiting for all views to stop loading...
[4.406][FINER]:     Done waiting for all views to stop loading
[4.412][FINE]:      Command finished (/session/e831ce54f0a77099967b351c837911e2/execute) with response {
   "sessionId": "e831ce54f0a77099967b351c837911e2",
   "status": 0,
   "value": null
}

[4.415][FINE]:      Command received (/session/e831ce54f0a77099967b351c837911e2/element) with params {
   "sessionId": "e831ce54f0a77099967b351c837911e2",
   "using": "xpath",
   "value": "//input[@id=\"Passwd\"]"
}

[4.415][FINER]:     Waiting for all views to stop loading...
[4.415][FINER]:     Done waiting for all views to stop loading
[4.453][FINER]:     Waiting for all views to stop loading...
[4.454][FINER]:     Done waiting for all views to stop loading
[4.454][FINE]:      Command finished (/session/e831ce54f0a77099967b351c837911e2/element) with response {
   "sessionId": "e831ce54f0a77099967b351c837911e2",
   "status": 0,
   "value": {
      "ELEMENT": ":wdc:1374727443375"
   }
}

[4.456][FINE]:      Command received (/session/e831ce54f0a77099967b351c837911e2/element) with params {
   "sessionId": "e831ce54f0a77099967b351c837911e2",
   "using": "xpath",
   "value": "//input[@id=\"Email\"]"
}

[4.456][FINER]:     Waiting for all views to stop loading...
[4.457][FINER]:     Done waiting for all views to stop loading
[4.480][FINER]:     Waiting for all views to stop loading...
[4.480][FINER]:     Done waiting for all views to stop loading
[4.480][FINE]:      Command finished (/session/e831ce54f0a77099967b351c837911e2/element) with response {
   "sessionId": "e831ce54f0a77099967b351c837911e2",
   "status": 0,
   "value": {
      "ELEMENT": ":wdc:1374727443376"
   }
}

[4.483][FINE]:      Command received (/session/e831ce54f0a77099967b351c837911e2/element/:wdc:1374727443376/clear) with params {
   "id": ":wdc:1374727443376",
   "sessionId": "e831ce54f0a77099967b351c837911e2"
}

[4.483][FINER]:     Waiting for all views to stop loading...
[4.483][FINER]:     Done waiting for all views to stop loading
[4.514][FINER]:     Waiting for all views to stop loading...
[4.514][FINER]:     Done waiting for all views to stop loading
[4.514][FINE]:      Command finished (/session/e831ce54f0a77099967b351c837911e2/element/:wdc:1374727443376/clear) with response {
   "sessionId": "e831ce54f0a77099967b351c837911e2",
   "status": 0,
   "value": null
}

[4.516][FINE]:      Command received (/session/e831ce54f0a77099967b351c837911e2/element) with params {
   "sessionId": "e831ce54f0a77099967b351c837911e2",
   "using": "xpath",
   "value": "//input[@id=\"Email\"]"
}

[4.516][FINER]:     Waiting for all views to stop loading...
[4.517][FINER]:     Done waiting for all views to stop loading
[4.523][FINER]:     Waiting for all views to stop loading...
[4.523][FINER]:     Done waiting for all views to stop loading
[4.523][FINE]:      Command finished (/session/e831ce54f0a77099967b351c837911e2/element) with response {
   "sessionId": "e831ce54f0a77099967b351c837911e2",
   "status": 0,
   "value": {
      "ELEMENT": ":wdc:1374727443376"
   }
}

[4.526][FINE]:      Command received (/session/e831ce54f0a77099967b351c837911e2/element/:wdc:1374727443376/value) with params {
   "id": ":wdc:1374727443376",
   "sessionId": "e831ce54f0a77099967b351c837911e2",
   "value": [ "t", "e", "s", "t", "r", "e", "c", "i", "p", "@", "g", "m", "a", "i", "l", ".", "c", "o", "m" ]
}

[4.526][FINER]:     Waiting for all views to stop loading...
[4.526][FINER]:     Done waiting for all views to stop loading
[4.826][FINER]:     Waiting for all views to stop loading...
[4.826][FINER]:     Done waiting for all views to stop loading
[4.826][FINE]:      Command finished (/session/e831ce54f0a77099967b351c837911e2/element/:wdc:1374727443376/value) with response {
   "sessionId": "e831ce54f0a77099967b351c837911e2",
   "status": 0,
   "value": {

   }
}

[4.828][FINE]:      Command received (/session/e831ce54f0a77099967b351c837911e2/element) with params {
   "sessionId": "e831ce54f0a77099967b351c837911e2",
   "using": "xpath",
   "value": "//input[@id=\"Passwd\"]"
}

[4.828][FINER]:     Waiting for all views to stop loading...
[4.829][FINER]:     Done waiting for all views to stop loading
[4.907][FINER]:     Waiting for all views to stop loading...
[4.907][FINER]:     Done waiting for all views to stop loading
[4.907][FINE]:      Command finished (/session/e831ce54f0a77099967b351c837911e2/element) with response {
   "sessionId": "e831ce54f0a77099967b351c837911e2",
   "status": 0,
   "value": {
      "ELEMENT": ":wdc:1374727443375"
   }
}

[4.910][FINE]:      Command received (/session/e831ce54f0a77099967b351c837911e2/element/:wdc:1374727443375/clear) with params {
   "id": ":wdc:1374727443375",
   "sessionId": "e831ce54f0a77099967b351c837911e2"
}

[4.910][FINER]:     Waiting for all views to stop loading...
[4.911][FINER]:     Done waiting for all views to stop loading
[5.076][FINER]:     Waiting for all views to stop loading...
[5.097][FINER]:     Done waiting for all views to stop loading
[5.097][FINE]:      Command finished (/session/e831ce54f0a77099967b351c837911e2/element/:wdc:1374727443375/clear) with response {
   "sessionId": "e831ce54f0a77099967b351c837911e2",
   "status": 0,
   "value": null
}

[5.099][FINE]:      Command received (/session/e831ce54f0a77099967b351c837911e2/element) with params {
   "sessionId": "e831ce54f0a77099967b351c837911e2",
   "using": "xpath",
   "value": "//input[@id=\"Passwd\"]"
}

[5.100][FINER]:     Waiting for all views to stop loading...
[5.100][FINER]:     Done waiting for all views to stop loading
[5.108][FINER]:     Waiting for all views to stop loading...
[5.109][FINER]:     Done waiting for all views to stop loading
[5.109][FINE]:      Command finished (/session/e831ce54f0a77099967b351c837911e2/element) with response {
   "sessionId": "e831ce54f0a77099967b351c837911e2",
   "status": 0,
   "value": {
      "ELEMENT": ":wdc:1374727443375"
   }
}

[5.113][FINE]:      Command received (/session/e831ce54f0a77099967b351c837911e2/element/:wdc:1374727443375/value) with params {
   "id": ":wdc:1374727443375",
   "sessionId": "e831ce54f0a77099967b351c837911e2",
   "value": [ "t", "e", "s", "t", "r", "e", "c", "i", "p", "1" ]
}

[5.113][FINER]:     Waiting for all views to stop loading...
[5.113][FINER]:     Done waiting for all views to stop loading
[5.315][FINER]:     Waiting for all views to stop loading...
[5.315][FINER]:     Done waiting for all views to stop loading
[5.315][FINE]:      Command finished (/session/e831ce54f0a77099967b351c837911e2/element/:wdc:1374727443375/value) with response {
   "sessionId": "e831ce54f0a77099967b351c837911e2",
   "status": 0,
   "value": {

   }
}

[5.317][FINE]:      Command received (/session/e831ce54f0a77099967b351c837911e2/element) with params {
   "sessionId": "e831ce54f0a77099967b351c837911e2",
   "using": "xpath",
   "value": "//input[@type=\"submit\"]"
}

[5.317][FINER]:     Waiting for all views to stop loading...
[5.318][FINER]:     Done waiting for all views to stop loading
[5.349][FINER]:     Waiting for all views to stop loading...
[5.349][FINER]:     Done waiting for all views to stop loading
[5.349][FINE]:      Command finished (/session/e831ce54f0a77099967b351c837911e2/element) with response {
   "sessionId": "e831ce54f0a77099967b351c837911e2",
   "status": 0,
   "value": {
      "ELEMENT": ":wdc:1374727443377"
   }
}

[5.351][FINE]:      Command received (/session/e831ce54f0a77099967b351c837911e2/execute) with params {
   "args": [ {
      "ELEMENT": ":wdc:1374727443377"
   } ],
   "script": "return arguments[0].click();",
   "sessionId": "e831ce54f0a77099967b351c837911e2"
}

[5.351][FINER]:     Waiting for all views to stop loading...
[5.352][FINER]:     Done waiting for all views to stop loading
[5.366][FINER]:     Waiting for all views to stop loading...
[7.130][FINER]:     Done waiting for all views to stop loading
[7.130][FINE]:      Command finished (/session/e831ce54f0a77099967b351c837911e2/execute) with response {
   "sessionId": "e831ce54f0a77099967b351c837911e2",
   "status": 0,
   "value": null
}

[7.133][FINE]:      Command received (/session/e831ce54f0a77099967b351c837911e2/element) with params {
   "sessionId": "e831ce54f0a77099967b351c837911e2",
   "using": "xpath",
   "value": "//h1[@class=\"dashboard-title\"]"
}

[7.133][FINER]:     Waiting for all views to stop loading...
[7.133][FINER]:     Done waiting for all views to stop loading
[7.302][FINER]:     Waiting for all views to stop loading...
[7.302][FINER]:     Done waiting for all views to stop loading
[7.302][FINE]:      Command finished (/session/e831ce54f0a77099967b351c837911e2/element) with response {
   "sessionId": "e831ce54f0a77099967b351c837911e2",
   "status": 0,
   "value": {
      "ELEMENT": ":wdc:1374727446217"
   }
}

[7.310][FINE]:      Command received (/session/e831ce54f0a77099967b351c837911e2/element) with params {
   "sessionId": "e831ce54f0a77099967b351c837911e2",
   "using": "xpath",
   "value": "//h1[@class=\"dashboard-title\"]"
}

[7.310][FINER]:     Waiting for all views to stop loading...
[7.310][FINER]:     Done waiting for all views to stop loading
[7.317][FINER]:     Waiting for all views to stop loading...
[7.318][FINER]:     Done waiting for all views to stop loading
[7.318][FINE]:      Command finished (/session/e831ce54f0a77099967b351c837911e2/element) with response {
   "sessionId": "e831ce54f0a77099967b351c837911e2",
   "status": 0,
   "value": {
      "ELEMENT": ":wdc:1374727446217"
   }
}

[7.320][FINE]:      Command received (/session/e831ce54f0a77099967b351c837911e2/element) with params {
   "sessionId": "e831ce54f0a77099967b351c837911e2",
   "using": "xpath",
   "value": "//section[@id=\"business_objects_widget\"]//ul[@class=\"nav nav-tabs\"]//a[@data-object-singular=\"Sys..."
}

[7.320][FINER]:     Waiting for all views to stop loading...
[7.321][FINER]:     Done waiting for all views to stop loading
[7.345][FINER]:     Waiting for all views to stop loading...
[7.345][FINER]:     Done waiting for all views to stop loading
[7.346][FINE]:      Command finished (/session/e831ce54f0a77099967b351c837911e2/element) with response {
   "sessionId": "e831ce54f0a77099967b351c837911e2",
   "status": 0,
   "value": {
      "ELEMENT": ":wdc:1374727446218"
   }
}

[7.352][FINE]:      Command received (/session/e831ce54f0a77099967b351c837911e2/execute) with params {
   "args": [ {
      "ELEMENT": ":wdc:1374727446218"
   } ],
   "script": "return arguments[0].click();",
   "sessionId": "e831ce54f0a77099967b351c837911e2"
}

[7.352][FINER]:     Waiting for all views to stop loading...
[7.353][FINER]:     Done waiting for all views to stop loading
[7.376][FINER]:     Waiting for all views to stop loading...
[7.377][FINER]:     Done waiting for all views to stop loading
[7.377][FINE]:      Command finished (/session/e831ce54f0a77099967b351c837911e2/execute) with response {
   "sessionId": "e831ce54f0a77099967b351c837911e2",
   "status": 0,
   "value": null
}

[7.379][FINE]:      Command received (/session/e831ce54f0a77099967b351c837911e2/element) with params {
   "sessionId": "e831ce54f0a77099967b351c837911e2",
   "using": "xpath",
   "value": "//section[@id=\"business_objects_widget\"]//a[contains(@class,\"btn-add\")][@data-object-singular=\"Sy..."
}

[7.379][FINER]:     Waiting for all views to stop loading...
[7.380][FINER]:     Done waiting for all views to stop loading
[7.406][FINER]:     Waiting for all views to stop loading...
[7.407][FINER]:     Done waiting for all views to stop loading
[7.407][FINE]:      Command finished (/session/e831ce54f0a77099967b351c837911e2/element) with response {
   "sessionId": "e831ce54f0a77099967b351c837911e2",
   "status": 0,
   "value": {
      "ELEMENT": ":wdc:1374727446219"
   }
}

[7.409][FINE]:      Command received (/session/e831ce54f0a77099967b351c837911e2/element) with params {
   "sessionId": "e831ce54f0a77099967b351c837911e2",
   "using": "xpath",
   "value": "//section[@id=\"business_objects_widget\"]//a[contains(@class,\"btn-add\")][@data-object-singular=\"Sy..."
}

[7.409][FINER]:     Waiting for all views to stop loading...
[7.409][FINER]:     Done waiting for all views to stop loading
[7.417][FINER]:     Waiting for all views to stop loading...
[7.417][FINER]:     Done waiting for all views to stop loading
[7.417][FINE]:      Command finished (/session/e831ce54f0a77099967b351c837911e2/element) with response {
   "sessionId": "e831ce54f0a77099967b351c837911e2",
   "status": 0,
   "value": {
      "ELEMENT": ":wdc:1374727446219"
   }
}

[7.420][FINE]:      Command received (/session/e831ce54f0a77099967b351c837911e2/execute) with params {
   "args": [ {
      "ELEMENT": ":wdc:1374727446219"
   } ],
   "script": "return arguments[0].click();",
   "sessionId": "e831ce54f0a77099967b351c837911e2"
}

[7.420][FINER]:     Waiting for all views to stop loading...
[7.420][FINER]:     Done waiting for all views to stop loading
[7.494][FINER]:     Waiting for all views to stop loading...
[7.494][FINER]:     Done waiting for all views to stop loading
[7.494][FINE]:      Command finished (/session/e831ce54f0a77099967b351c837911e2/execute) with response {
   "sessionId": "e831ce54f0a77099967b351c837911e2",
   "status": 0,
   "value": null
}

[8.499][FINE]:      Command received (/session/e831ce54f0a77099967b351c837911e2/element) with params {
   "sessionId": "e831ce54f0a77099967b351c837911e2",
   "using": "xpath",
   "value": "//div[@class=\"modal-body\"]"
}

[8.499][FINER]:     Waiting for all views to stop loading...
[8.509][FINER]:     Done waiting for all views to stop loading
[8.559][FINER]:     Waiting for all views to stop loading...
[8.560][FINER]:     Done waiting for all views to stop loading
[8.560][FINE]:      Command finished (/session/e831ce54f0a77099967b351c837911e2/element) with response {
   "sessionId": "e831ce54f0a77099967b351c837911e2",
   "status": 0,
   "value": {
      "ELEMENT": ":wdc:1374727446220"
   }
}

[8.562][FINE]:      Command received (/session/e831ce54f0a77099967b351c837911e2/element) with params {
   "sessionId": "e831ce54f0a77099967b351c837911e2",
   "using": "xpath",
   "value": "//div[@class=\"modal-body\"]//input[@name=\"title\"]"
}

[8.562][FINER]:     Waiting for all views to stop loading...
[8.576][FINER]:     Done waiting for all views to stop loading
[8.625][FINER]:     Waiting for all views to stop loading...
[8.626][FINER]:     Done waiting for all views to stop loading
[8.626][WARNING]:   Command finished (/session/e831ce54f0a77099967b351c837911e2/element) with response {
   "sessionId": "e831ce54f0a77099967b351c837911e2",
   "status": 7,
   "value": {
      "message": "The element could not be found"
   }
}

[9.130][FINE]:      Command received (/session/e831ce54f0a77099967b351c837911e2/element) with params {
   "sessionId": "e831ce54f0a77099967b351c837911e2",
   "using": "xpath",
   "value": "//div[@class=\"modal-body\"]//input[@name=\"title\"]"
}

[9.130][FINER]:     Waiting for all views to stop loading...
[9.143][FINER]:     Done waiting for all views to stop loading
[9.177][FINER]:     Waiting for all views to stop loading...
[9.194][FINER]:     Done waiting for all views to stop loading
[9.195][WARNING]:   Command finished (/session/e831ce54f0a77099967b351c837911e2/element) with response {
   "sessionId": "e831ce54f0a77099967b351c837911e2",
   "status": 7,
   "value": {
      "message": "The element could not be found"
   }
}

[9.698][FINE]:      Command received (/session/e831ce54f0a77099967b351c837911e2/element) with params {
   "sessionId": "e831ce54f0a77099967b351c837911e2",
   "using": "xpath",
   "value": "//div[@class=\"modal-body\"]//input[@name=\"title\"]"
}

[9.698][FINER]:     Waiting for all views to stop loading...
[9.711][FINER]:     Done waiting for all views to stop loading
[9.743][FINER]:     Waiting for all views to stop loading...
[9.743][FINER]:     Done waiting for all views to stop loading
[9.743][WARNING]:   Command finished (/session/e831ce54f0a77099967b351c837911e2/element) with response {
   "sessionId": "e831ce54f0a77099967b351c837911e2",
   "status": 7,
   "value": {
      "message": "The element could not be found"
   }
}

[10.247][FINE]:     Command received (/session/e831ce54f0a77099967b351c837911e2/element) with params {
   "sessionId": "e831ce54f0a77099967b351c837911e2",
   "using": "xpath",
   "value": "//div[@class=\"modal-body\"]//input[@name=\"title\"]"
}

[10.247][FINER]:    Waiting for all views to stop loading...
[10.264][FINER]:    Done waiting for all views to stop loading
[10.293][FINER]:    Waiting for all views to stop loading...
[10.293][FINER]:    Done waiting for all views to stop loading
[10.293][WARNING]:  Command finished (/session/e831ce54f0a77099967b351c837911e2/element) with response {
   "sessionId": "e831ce54f0a77099967b351c837911e2",
   "status": 7,
   "value": {
      "message": "The element could not be found"
   }
}

[10.797][FINE]:     Command received (/session/e831ce54f0a77099967b351c837911e2/element) with params {
   "sessionId": "e831ce54f0a77099967b351c837911e2",
   "using": "xpath",
   "value": "//div[@class=\"modal-body\"]//input[@name=\"title\"]"
}

[10.797][FINER]:    Waiting for all views to stop loading...
[10.804][FINER]:    Done waiting for all views to stop loading
[10.843][FINER]:    Waiting for all views to stop loading...
[10.862][FINER]:    Done waiting for all views to stop loading
[10.862][WARNING]:  Command finished (/session/e831ce54f0a77099967b351c837911e2/element) with response {
   "sessionId": "e831ce54f0a77099967b351c837911e2",
   "status": 7,
   "value": {
      "message": "The element could not be found"
   }
}

[11.365][FINE]:     Command received (/session/e831ce54f0a77099967b351c837911e2/element) with params {
   "sessionId": "e831ce54f0a77099967b351c837911e2",
   "using": "xpath",
   "value": "//div[@class=\"modal-body\"]//input[@name=\"title\"]"
}

[11.365][FINER]:    Waiting for all views to stop loading...
[11.377][FINER]:    Done waiting for all views to stop loading
[11.421][FINER]:    Waiting for all views to stop loading...
[11.428][FINER]:    Done waiting for all views to stop loading
[11.428][WARNING]:  Command finished (/session/e831ce54f0a77099967b351c837911e2/element) with response {
   "sessionId": "e831ce54f0a77099967b351c837911e2",
   "status": 7,
   "value": {
      "message": "The element could not be found"
   }
}

[11.951][FINE]:     Command received (/session/e831ce54f0a77099967b351c837911e2/element) with params {
   "sessionId": "e831ce54f0a77099967b351c837911e2",
   "using": "xpath",
   "value": "//div[@class=\"modal-body\"]//input[@name=\"title\"]"
}

[11.951][FINER]:    Waiting for all views to stop loading...
[11.960][FINER]:    Done waiting for all views to stop loading
[11.993][FINER]:    Waiting for all views to stop loading...
[11.993][FINER]:    Done waiting for all views to stop loading
[11.993][WARNING]:  Command finished (/session/e831ce54f0a77099967b351c837911e2/element) with response {
   "sessionId": "e831ce54f0a77099967b351c837911e2",
   "status": 7,
   "value": {
      "message": "The element could not be found"
   }
}

[12.497][FINE]:     Command received (/session/e831ce54f0a77099967b351c837911e2/element) with params {
   "sessionId": "e831ce54f0a77099967b351c837911e2",
   "using": "xpath",
   "value": "//div[@class=\"modal-body\"]//input[@name=\"title\"]"
}

[12.497][FINER]:    Waiting for all views to stop loading...
[12.513][FINER]:    Done waiting for all views to stop loading
[12.545][FINER]:    Waiting for all views to stop loading...
[12.546][FINER]:    Done waiting for all views to stop loading
[12.546][WARNING]:  Command finished (/session/e831ce54f0a77099967b351c837911e2/element) with response {
   "sessionId": "e831ce54f0a77099967b351c837911e2",
   "status": 7,
   "value": {
      "message": "The element could not be found"
   }
}

[13.050][FINE]:     Command received (/session/e831ce54f0a77099967b351c837911e2/element) with params {
   "sessionId": "e831ce54f0a77099967b351c837911e2",
   "using": "xpath",
   "value": "//div[@class=\"modal-body\"]//input[@name=\"title\"]"
}

[13.050][FINER]:    Waiting for all views to stop loading...
[13.061][FINER]:    Done waiting for all views to stop loading
[13.093][FINER]:    Waiting for all views to stop loading...
[13.093][FINER]:    Done waiting for all views to stop loading
[13.093][WARNING]:  Command finished (/session/e831ce54f0a77099967b351c837911e2/element) with response {
   "sessionId": "e831ce54f0a77099967b351c837911e2",
   "status": 7,
   "value": {
      "message": "The element could not be found"
   }
}

[13.598][FINE]:     Command received (/session/e831ce54f0a77099967b351c837911e2/element) with params {
   "sessionId": "e831ce54f0a77099967b351c837911e2",
   "using": "xpath",
   "value": "//div[@class=\"modal-body\"]//input[@name=\"title\"]"
}

[13.598][FINER]:    Waiting for all views to stop loading...
[13.613][FINER]:    Done waiting for all views to stop loading
[13.661][FINER]:    Waiting for all views to stop loading...
[13.661][FINER]:    Done waiting for all views to stop loading
[13.661][WARNING]:  Command finished (/session/e831ce54f0a77099967b351c837911e2/element) with response {
   "sessionId": "e831ce54f0a77099967b351c837911e2",
   "status": 7,
   "value": {
      "message": "The element could not be found"
   }
}

[14.165][FINE]:     Command received (/session/e831ce54f0a77099967b351c837911e2/element) with params {
   "sessionId": "e831ce54f0a77099967b351c837911e2",
   "using": "xpath",
   "value": "//div[@class=\"modal-body\"]//input[@name=\"title\"]"
}

[14.165][FINER]:    Waiting for all views to stop loading...
[14.178][FINER]:    Done waiting for all views to stop loading
[15.112][FINER]:    Waiting for all views to stop loading...
[15.127][FINER]:    Done waiting for all views to stop loading
[15.127][WARNING]:  Command finished (/session/e831ce54f0a77099967b351c837911e2/element) with response {
   "sessionId": "e831ce54f0a77099967b351c837911e2",
   "status": 7,
   "value": {
      "message": "The element could not be found"
   }
}

[15.634][FINE]:     Command received (/session/e831ce54f0a77099967b351c837911e2/element) with params {
   "sessionId": "e831ce54f0a77099967b351c837911e2",
   "using": "xpath",
   "value": "//div[@class=\"modal-body\"]//input[@name=\"title\"]"
}

[15.634][FINER]:    Waiting for all views to stop loading...
[15.643][FINER]:    Done waiting for all views to stop loading
[15.694][FINER]:    Waiting for all views to stop loading...
[15.714][FINER]:    Done waiting for all views to stop loading
[15.714][WARNING]:  Command finished (/session/e831ce54f0a77099967b351c837911e2/element) with response {
   "sessionId": "e831ce54f0a77099967b351c837911e2",
   "status": 7,
   "value": {
      "message": "The element could not be found"
   }
}

[16.218][FINE]:     Command received (/session/e831ce54f0a77099967b351c837911e2/element) with params {
   "sessionId": "e831ce54f0a77099967b351c837911e2",
   "using": "xpath",
   "value": "//div[@class=\"modal-body\"]//input[@name=\"title\"]"
}

[16.218][FINER]:    Waiting for all views to stop loading...
[16.222][FINER]:    Done waiting for all views to stop loading
[16.260][FINER]:    Waiting for all views to stop loading...
[16.261][FINER]:    Done waiting for all views to stop loading
[16.261][WARNING]:  Command finished (/session/e831ce54f0a77099967b351c837911e2/element) with response {
   "sessionId": "e831ce54f0a77099967b351c837911e2",
   "status": 7,
   "value": {
      "message": "The element could not be found"
   }
}

[16.765][FINE]:     Command received (/session/e831ce54f0a77099967b351c837911e2/element) with params {
   "sessionId": "e831ce54f0a77099967b351c837911e2",
   "using": "xpath",
   "value": "//div[@class=\"modal-body\"]//input[@name=\"title\"]"
}

[16.765][FINER]:    Waiting for all views to stop loading...
[16.778][FINER]:    Done waiting for all views to stop loading
[16.794][FINER]:    Waiting for all views to stop loading...
[16.813][FINER]:    Done waiting for all views to stop loading
[16.813][WARNING]:  Command finished (/session/e831ce54f0a77099967b351c837911e2/element) with response {
   "sessionId": "e831ce54f0a77099967b351c837911e2",
   "status": 7,
   "value": {
      "message": "The element could not be found"
   }
}

[17.317][FINE]:     Command received (/session/e831ce54f0a77099967b351c837911e2/element) with params {
   "sessionId": "e831ce54f0a77099967b351c837911e2",
   "using": "xpath",
   "value": "//div[@class=\"modal-body\"]//input[@name=\"title\"]"
}

[17.317][FINER]:    Waiting for all views to stop loading...
[17.327][FINER]:    Done waiting for all views to stop loading
[17.361][FINER]:    Waiting for all views to stop loading...
[17.361][FINER]:    Done waiting for all views to stop loading
[17.362][WARNING]:  Command finished (/session/e831ce54f0a77099967b351c837911e2/element) with response {
   "sessionId": "e831ce54f0a77099967b351c837911e2",
   "status": 7,
   "value": {
      "message": "The element could not be found"
   }
}

[17.867][FINE]:     Command received (/session/e831ce54f0a77099967b351c837911e2/element) with params {
   "sessionId": "e831ce54f0a77099967b351c837911e2",
   "using": "xpath",
   "value": "//div[@class=\"modal-body\"]//input[@name=\"title\"]"
}

[17.867][FINER]:    Waiting for all views to stop loading...
[17.880][FINER]:    Done waiting for all views to stop loading
[18.128][FINER]:    Waiting for all views to stop loading...
[18.143][FINER]:    Done waiting for all views to stop loading
[18.143][WARNING]:  Command finished (/session/e831ce54f0a77099967b351c837911e2/element) with response {
   "sessionId": "e831ce54f0a77099967b351c837911e2",
   "status": 7,
   "value": {
      "message": "The element could not be found"
   }
}

[18.647][FINE]:     Command received (/session/e831ce54f0a77099967b351c837911e2/element) with params {
   "sessionId": "e831ce54f0a77099967b351c837911e2",
   "using": "xpath",
   "value": "//div[@class=\"modal-body\"]//input[@name=\"title\"]"
}

[18.647][FINER]:    Waiting for all views to stop loading...
[18.668][FINER]:    Done waiting for all views to stop loading
[19.222][FINER]:    Waiting for all views to stop loading...
[19.222][FINER]:    Done waiting for all views to stop loading
[19.222][WARNING]:  Command finished (/session/e831ce54f0a77099967b351c837911e2/element) with response {
   "sessionId": "e831ce54f0a77099967b351c837911e2",
   "status": 7,
   "value": {
      "message": "The element could not be found"
   }
}

[19.725][FINE]:     Command received (/session/e831ce54f0a77099967b351c837911e2/element) with params {
   "sessionId": "e831ce54f0a77099967b351c837911e2",
   "using": "xpath",
   "value": "//div[@class=\"modal-body\"]//input[@name=\"title\"]"
}

[19.725][FINER]:    Waiting for all views to stop loading...
[19.727][FINER]:    Done waiting for all views to stop loading
[19.777][FINER]:    Waiting for all views to stop loading...
[19.778][FINER]:    Done waiting for all views to stop loading
[19.778][WARNING]:  Command finished (/session/e831ce54f0a77099967b351c837911e2/element) with response {
   "sessionId": "e831ce54f0a77099967b351c837911e2",
   "status": 7,
   "value": {
      "message": "The element could not be found"
   }
}

[20.282][FINE]:     Command received (/session/e831ce54f0a77099967b351c837911e2/element) with params {
   "sessionId": "e831ce54f0a77099967b351c837911e2",
   "using": "xpath",
   "value": "//div[@class=\"modal-body\"]//input[@name=\"title\"]"
}

[20.282][FINER]:    Waiting for all views to stop loading...
[20.294][FINER]:    Done waiting for all views to stop loading
[20.344][FINER]:    Waiting for all views to stop loading...
[20.344][FINER]:    Done waiting for all views to stop loading
[20.344][WARNING]:  Command finished (/session/e831ce54f0a77099967b351c837911e2/element) with response {
   "sessionId": "e831ce54f0a77099967b351c837911e2",
   "status": 7,
   "value": {
      "message": "The element could not be found"
   }
}

[20.848][FINE]:     Command received (/session/e831ce54f0a77099967b351c837911e2/element) with params {
   "sessionId": "e831ce54f0a77099967b351c837911e2",
   "using": "xpath",
   "value": "//div[@class=\"modal-body\"]//input[@name=\"title\"]"
}

[20.848][FINER]:    Waiting for all views to stop loading...
[20.861][FINER]:    Done waiting for all views to stop loading
[20.894][FINER]:    Waiting for all views to stop loading...
[20.894][FINER]:    Done waiting for all views to stop loading
[20.894][WARNING]:  Command finished (/session/e831ce54f0a77099967b351c837911e2/element) with response {
   "sessionId": "e831ce54f0a77099967b351c837911e2",
   "status": 7,
   "value": {
      "message": "The element could not be found"
   }
}

[21.401][FINE]:     Command received (/session/e831ce54f0a77099967b351c837911e2/element) with params {
   "sessionId": "e831ce54f0a77099967b351c837911e2",
   "using": "xpath",
   "value": "//div[@class=\"modal-body\"]//input[@name=\"title\"]"
}

[21.402][FINER]:    Waiting for all views to stop loading...
[21.411][FINER]:    Done waiting for all views to stop loading
[24.350][FINER]:    Waiting for all views to stop loading...
[24.365][FINER]:    Done waiting for all views to stop loading
[24.365][WARNING]:  Command finished (/session/e831ce54f0a77099967b351c837911e2/element) with response {
   "sessionId": "e831ce54f0a77099967b351c837911e2",
   "status": 7,
   "value": {
      "message": "The element could not be found"
   }
}

[24.870][FINE]:     Command received (/session/e831ce54f0a77099967b351c837911e2/element) with params {
   "sessionId": "e831ce54f0a77099967b351c837911e2",
   "using": "xpath",
   "value": "//div[@class=\"modal-body\"]//input[@name=\"title\"]"
}

[24.870][FINER]:    Waiting for all views to stop loading...
[24.882][FINER]:    Done waiting for all views to stop loading
[24.999][FINER]:    Waiting for all views to stop loading...
[25.015][FINER]:    Done waiting for all views to stop loading
[25.015][WARNING]:  Command finished (/session/e831ce54f0a77099967b351c837911e2/element) with response {
   "sessionId": "e831ce54f0a77099967b351c837911e2",
   "status": 7,
   "value": {
      "message": "The element could not be found"
   }
}

[25.520][FINE]:     Command received (/session/e831ce54f0a77099967b351c837911e2/element) with params {
   "sessionId": "e831ce54f0a77099967b351c837911e2",
   "using": "xpath",
   "value": "//div[@class=\"modal-body\"]//input[@name=\"title\"]"
}

[25.521][FINER]:    Waiting for all views to stop loading...
[25.550][FINER]:    Done waiting for all views to stop loading
[25.662][FINER]:    Waiting for all views to stop loading...
[25.662][FINER]:    Done waiting for all views to stop loading
[25.662][WARNING]:  Command finished (/session/e831ce54f0a77099967b351c837911e2/element) with response {
   "sessionId": "e831ce54f0a77099967b351c837911e2",
   "status": 7,
   "value": {
      "message": "The element could not be found"
   }
}

[26.168][FINE]:     Command received (/session/e831ce54f0a77099967b351c837911e2/element) with params {
   "sessionId": "e831ce54f0a77099967b351c837911e2",
   "using": "xpath",
   "value": "//div[@class=\"modal-body\"]//input[@name=\"title\"]"
}

[26.168][FINER]:    Waiting for all views to stop loading...
[26.169][FINER]:    Done waiting for all views to stop loading
[26.182][FINER]:    Waiting for all views to stop loading...
[26.182][FINER]:    Done waiting for all views to stop loading
[26.182][WARNING]:  Command finished (/session/e831ce54f0a77099967b351c837911e2/element) with response {
   "sessionId": "e831ce54f0a77099967b351c837911e2",
   "status": 7,
   "value": {
      "message": "The element could not be found"
   }
}

[26.762][FINE]:     Command received (/session/e831ce54f0a77099967b351c837911e2/element) with params {
   "sessionId": "e831ce54f0a77099967b351c837911e2",
   "using": "xpath",
   "value": "//div[@class=\"modal-body\"]//input[@name=\"title\"]"
}

[26.762][FINER]:    Waiting for all views to stop loading...
[26.765][FINER]:    Done waiting for all views to stop loading
[26.870][FINER]:    Waiting for all views to stop loading...
[26.871][FINER]:    Done waiting for all views to stop loading
[26.871][WARNING]:  Command finished (/session/e831ce54f0a77099967b351c837911e2/element) with response {
   "sessionId": "e831ce54f0a77099967b351c837911e2",
   "status": 7,
   "value": {
      "message": "The element could not be found"
   }
}

[27.385][FINE]:     Command received (/session/e831ce54f0a77099967b351c837911e2/element) with params {
   "sessionId": "e831ce54f0a77099967b351c837911e2",
   "using": "xpath",
   "value": "//div[@class=\"modal-body\"]//input[@name=\"title\"]"
}

[27.385][FINER]:    Waiting for all views to stop loading...
[27.396][FINER]:    Done waiting for all views to stop loading
[27.429][FINER]:    Waiting for all views to stop loading...
[27.429][FINER]:    Done waiting for all views to stop loading
[27.429][WARNING]:  Command finished (/session/e831ce54f0a77099967b351c837911e2/element) with response {
   "sessionId": "e831ce54f0a77099967b351c837911e2",
   "status": 7,
   "value": {
      "message": "The element could not be found"
   }
}

[27.932][FINE]:     Command received (/session/e831ce54f0a77099967b351c837911e2/element) with params {
   "sessionId": "e831ce54f0a77099967b351c837911e2",
   "using": "xpath",
   "value": "//div[@class=\"modal-body\"]//input[@name=\"title\"]"
}

[27.932][FINER]:    Waiting for all views to stop loading...
[27.945][FINER]:    Done waiting for all views to stop loading
[27.979][FINER]:    Waiting for all views to stop loading...
[27.979][FINER]:    Done waiting for all views to stop loading
[27.979][WARNING]:  Command finished (/session/e831ce54f0a77099967b351c837911e2/element) with response {
   "sessionId": "e831ce54f0a77099967b351c837911e2",
   "status": 7,
   "value": {
      "message": "The element could not be found"
   }
}

[28.483][FINE]:     Command received (/session/e831ce54f0a77099967b351c837911e2/element) with params {
   "sessionId": "e831ce54f0a77099967b351c837911e2",
   "using": "xpath",
   "value": "//div[@class=\"modal-body\"]//input[@name=\"title\"]"
}

[28.483][FINER]:    Waiting for all views to stop loading...
[28.496][FINER]:    Done waiting for all views to stop loading
[30.646][FINER]:    Waiting for all views to stop loading...
[30.663][FINER]:    Done waiting for all views to stop loading
[30.663][WARNING]:  Command finished (/session/e831ce54f0a77099967b351c837911e2/element) with response {
   "sessionId": "e831ce54f0a77099967b351c837911e2",
   "status": 7,
   "value": {
      "message": "The element could not be found"
   }
}

[31.167][FINE]:     Command received (/session/e831ce54f0a77099967b351c837911e2/element) with params {
   "sessionId": "e831ce54f0a77099967b351c837911e2",
   "using": "xpath",
   "value": "//div[@class=\"modal-body\"]//input[@name=\"title\"]"
}

[31.167][FINER]:    Waiting for all views to stop loading...
[31.195][FINER]:    Done waiting for all views to stop loading
[41.442][FINER]:    Waiting for all views to stop loading...
[41.448][FINER]:    Done waiting for all views to stop loading
[41.448][WARNING]:  Command finished (/session/e831ce54f0a77099967b351c837911e2/element) with response {
   "sessionId": "e831ce54f0a77099967b351c837911e2",
   "status": 7,
   "value": {
      "message": "The element could not be found"
   }
}

[41.951][FINE]:     Command received (/session/e831ce54f0a77099967b351c837911e2/element) with params {
   "sessionId": "e831ce54f0a77099967b351c837911e2",
   "using": "xpath",
   "value": "//div[@class=\"modal-body\"]//input[@name=\"title\"]"
}

[41.951][FINER]:    Waiting for all views to stop loading...
[41.965][FINER]:    Done waiting for all views to stop loading
[46.531][FINER]:    Waiting for all views to stop loading...
[46.549][FINER]:    Done waiting for all views to stop loading
[46.549][FINE]:     Command finished (/session/e831ce54f0a77099967b351c837911e2/element) with response {
   "sessionId": "e831ce54f0a77099967b351c837911e2",
   "status": 0,
   "value": {
      "ELEMENT": ":wdc:1374727446221"
   }
}

[46.551][FINE]:     Command received (/session/e831ce54f0a77099967b351c837911e2/element) with params {
   "sessionId": "e831ce54f0a77099967b351c837911e2",
   "using": "xpath",
   "value": "//div[@class=\"modal-body\"]//input[@name=\"title\"]"
}

[46.551][FINER]:    Waiting for all views to stop loading...
[46.565][FINER]:    Done waiting for all views to stop loading
[46.653][FINER]:    Waiting for all views to stop loading...
[46.653][FINER]:    Done waiting for all views to stop loading
[46.653][FINE]:     Command finished (/session/e831ce54f0a77099967b351c837911e2/element) with response {
   "sessionId": "e831ce54f0a77099967b351c837911e2",
   "status": 0,
   "value": {
      "ELEMENT": ":wdc:1374727446221"
   }
}

[46.655][FINE]:     Command received (/session/e831ce54f0a77099967b351c837911e2/element) with params {
   "sessionId": "e831ce54f0a77099967b351c837911e2",
   "using": "xpath",
   "value": "//div[@class=\"modal-body\"]//input[@name=\"title\"]"
}

[46.655][FINER]:    Waiting for all views to stop loading...
[46.656][FINER]:    Done waiting for all views to stop loading
[46.731][FINER]:    Waiting for all views to stop loading...
[46.731][FINER]:    Done waiting for all views to stop loading
[46.731][FINE]:     Command finished (/session/e831ce54f0a77099967b351c837911e2/element) with response {
   "sessionId": "e831ce54f0a77099967b351c837911e2",
   "status": 0,
   "value": {
      "ELEMENT": ":wdc:1374727446221"
   }
}

[46.734][FINE]:     Command received (/session/e831ce54f0a77099967b351c837911e2/element/:wdc:1374727446221/clear) with params {
   "id": ":wdc:1374727446221",
   "sessionId": "e831ce54f0a77099967b351c837911e2"
}

[46.734][FINER]:    Waiting for all views to stop loading...
[46.734][FINER]:    Done waiting for all views to stop loading
[46.849][FINER]:    Waiting for all views to stop loading...
[46.850][FINER]:    Done waiting for all views to stop loading
[46.850][FINE]:     Command finished (/session/e831ce54f0a77099967b351c837911e2/element/:wdc:1374727446221/clear) with response {
   "sessionId": "e831ce54f0a77099967b351c837911e2",
   "status": 0,
   "value": null
}

[46.852][FINE]:     Command received (/session/e831ce54f0a77099967b351c837911e2/element) with params {
   "sessionId": "e831ce54f0a77099967b351c837911e2",
   "using": "xpath",
   "value": "//div[@class=\"modal-body\"]//input[@name=\"title\"]"
}

[46.852][FINER]:    Waiting for all views to stop loading...
[46.852][FINER]:    Done waiting for all views to stop loading
[47.001][FINER]:    Waiting for all views to stop loading...
[47.001][FINER]:    Done waiting for all views to stop loading
[47.001][FINE]:     Command finished (/session/e831ce54f0a77099967b351c837911e2/element) with response {
   "sessionId": "e831ce54f0a77099967b351c837911e2",
   "status": 0,
   "value": {
      "ELEMENT": ":wdc:1374727446221"
   }
}

[47.004][FINE]:     Command received (/session/e831ce54f0a77099967b351c837911e2/element/:wdc:1374727446221/value) with params {
   "id": ":wdc:1374727446221",
   "sessionId": "e831ce54f0a77099967b351c837911e2",
   "value": [ "s", "y", "s", "t", "e", "m", "-", "t", "e", "s", "t", "2", "0", "1", "3", "_", "0", "7", "_", "2", "4", "_", "_", "2", "2", "_", "4", "4", "_", "0", "7" ]
}

[47.004][FINER]:    Waiting for all views to stop loading...
[47.004][FINER]:    Done waiting for all views to stop loading
[48.044][FINER]:    Waiting for all views to stop loading...
[48.045][FINER]:    Done waiting for all views to stop loading
[48.045][FINE]:     Command finished (/session/e831ce54f0a77099967b351c837911e2/element/:wdc:1374727446221/value) with response {
   "sessionId": "e831ce54f0a77099967b351c837911e2",
   "status": 0,
   "value": {

   }
}

[48.049][FINE]:     Command received (/session/e831ce54f0a77099967b351c837911e2/element) with params {
   "sessionId": "e831ce54f0a77099967b351c837911e2",
   "using": "xpath",
   "value": "//input[contains(@placeholder,\"email address\")]"
}

[48.049][FINER]:    Waiting for all views to stop loading...
[48.049][FINER]:    Done waiting for all views to stop loading
[48.090][FINER]:    Waiting for all views to stop loading...
[48.090][FINER]:    Done waiting for all views to stop loading
[48.090][FINE]:     Command finished (/session/e831ce54f0a77099967b351c837911e2/element) with response {
   "sessionId": "e831ce54f0a77099967b351c837911e2",
   "status": 0,
   "value": {
      "ELEMENT": ":wdc:1374727446222"
   }
}

[48.097][FINE]:     Command received (/session/e831ce54f0a77099967b351c837911e2/element/:wdc:1374727446222/clear) with params {
   "id": ":wdc:1374727446222",
   "sessionId": "e831ce54f0a77099967b351c837911e2"
}

[48.097][FINER]:    Waiting for all views to stop loading...
[48.098][FINER]:    Done waiting for all views to stop loading
[48.209][FINER]:    Waiting for all views to stop loading...
[48.210][FINER]:    Done waiting for all views to stop loading
[48.210][FINE]:     Command finished (/session/e831ce54f0a77099967b351c837911e2/element/:wdc:1374727446222/clear) with response {
   "sessionId": "e831ce54f0a77099967b351c837911e2",
   "status": 0,
   "value": null
}

[48.216][FINE]:     Command received (/session/e831ce54f0a77099967b351c837911e2/element) with params {
   "sessionId": "e831ce54f0a77099967b351c837911e2",
   "using": "xpath",
   "value": "//input[contains(@placeholder,\"email address\")]"
}

[48.216][FINER]:    Waiting for all views to stop loading...
[48.216][FINER]:    Done waiting for all views to stop loading
[48.248][FINER]:    Waiting for all views to stop loading...
[48.249][FINER]:    Done waiting for all views to stop loading
[48.249][FINE]:     Command finished (/session/e831ce54f0a77099967b351c837911e2/element) with response {
   "sessionId": "e831ce54f0a77099967b351c837911e2",
   "status": 0,
   "value": {
      "ELEMENT": ":wdc:1374727446222"
   }
}

[48.255][FINE]:     Command received (/session/e831ce54f0a77099967b351c837911e2/element/:wdc:1374727446222/value) with params {
   "id": ":wdc:1374727446222",
   "sessionId": "e831ce54f0a77099967b351c837911e2",
   "value": [ " " ]
}

[48.255][FINER]:    Waiting for all views to stop loading...
[48.256][FINER]:    Done waiting for all views to stop loading
[48.424][FINER]:    Waiting for all views to stop loading...
[48.424][FINER]:    Done waiting for all views to stop loading
[48.424][FINE]:     Command finished (/session/e831ce54f0a77099967b351c837911e2/element/:wdc:1374727446222/value) with response {
   "sessionId": "e831ce54f0a77099967b351c837911e2",
   "status": 0,
   "value": {

   }
}

[48.428][FINE]:     Command received (/session/e831ce54f0a77099967b351c837911e2/element) with params {
   "sessionId": "e831ce54f0a77099967b351c837911e2",
   "using": "xpath",
   "value": "//div[@class=\"confirm-buttons\"]//a[@href=\"javascript://\"]"
}

[48.428][FINER]:    Waiting for all views to stop loading...
[48.428][FINER]:    Done waiting for all views to stop loading
[48.460][FINER]:    Waiting for all views to stop loading...
[48.461][FINER]:    Done waiting for all views to stop loading
[48.461][FINE]:     Command finished (/session/e831ce54f0a77099967b351c837911e2/element) with response {
   "sessionId": "e831ce54f0a77099967b351c837911e2",
   "status": 0,
   "value": {
      "ELEMENT": ":wdc:1374727446223"
   }
}

[48.463][FINE]:     Command received (/session/e831ce54f0a77099967b351c837911e2/element) with params {
   "sessionId": "e831ce54f0a77099967b351c837911e2",
   "using": "link text",
   "value": "Save"
}

[48.463][FINER]:    Waiting for all views to stop loading...
[48.463][FINER]:    Done waiting for all views to stop loading
[52.009][FINER]:    Waiting for all views to stop loading...
[52.010][FINER]:    Done waiting for all views to stop loading
[52.010][FINE]:     Command finished (/session/e831ce54f0a77099967b351c837911e2/element) with response {
   "sessionId": "e831ce54f0a77099967b351c837911e2",
   "status": 0,
   "value": {
      "ELEMENT": ":wdc:1374727446223"
   }
}

[52.012][FINE]:     Command received (/session/e831ce54f0a77099967b351c837911e2/execute) with params {
   "args": [ {
      "ELEMENT": ":wdc:1374727446223"
   } ],
   "script": "return arguments[0].click();",
   "sessionId": "e831ce54f0a77099967b351c837911e2"
}

[52.012][FINER]:    Waiting for all views to stop loading...
[52.013][FINER]:    Done waiting for all views to stop loading
[52.053][FINER]:    Waiting for all views to stop loading...
[52.054][FINER]:    Done waiting for all views to stop loading
[52.054][FINE]:     Command finished (/session/e831ce54f0a77099967b351c837911e2/execute) with response {
   "sessionId": "e831ce54f0a77099967b351c837911e2",
   "status": 0,
   "value": null
}

[52.058][FINE]:     Command received (/session/e831ce54f0a77099967b351c837911e2/element) with params {
   "sessionId": "e831ce54f0a77099967b351c837911e2",
   "using": "xpath",
   "value": "//div[contains(@class,\"logo\")]/a"
}

[52.058][FINER]:    Waiting for all views to stop loading...
[52.058][FINER]:    Done waiting for all views to stop loading
[52.112][FINER]:    Waiting for all views to stop loading...
[52.112][FINER]:    Done waiting for all views to stop loading
[52.112][FINE]:     Command finished (/session/e831ce54f0a77099967b351c837911e2/element) with response {
   "sessionId": "e831ce54f0a77099967b351c837911e2",
   "status": 0,
   "value": {
      "ELEMENT": ":wdc:1374727446224"
   }
}

[52.115][FINE]:     Command received (/session/e831ce54f0a77099967b351c837911e2/execute) with params {
   "args": [ {
      "ELEMENT": ":wdc:1374727446224"
   } ],
   "script": "return arguments[0].click();",
   "sessionId": "e831ce54f0a77099967b351c837911e2"
}

[52.115][FINER]:    Waiting for all views to stop loading...
[52.115][FINER]:    Done waiting for all views to stop loading
[52.161][FINER]:    Waiting for all views to stop loading...
[53.316][FINER]:    Done waiting for all views to stop loading
[53.316][FINE]:     Command finished (/session/e831ce54f0a77099967b351c837911e2/execute) with response {
   "sessionId": "e831ce54f0a77099967b351c837911e2",
   "status": 0,
   "value": null
}

[54.320][FINE]:     Command received (/session/e831ce54f0a77099967b351c837911e2/element) with params {
   "sessionId": "e831ce54f0a77099967b351c837911e2",
   "using": "xpath",
   "value": "//li[contains(@class,\"governance\")][1]/a//span[contains(.,\"...\")]"
}

[54.320][FINER]:    Waiting for all views to stop loading...
[54.321][FINER]:    Done waiting for all views to stop loading
[54.356][FINER]:    Waiting for all views to stop loading...
[54.356][FINER]:    Done waiting for all views to stop loading
[54.356][FINE]:     Command finished (/session/e831ce54f0a77099967b351c837911e2/element) with response {
   "sessionId": "e831ce54f0a77099967b351c837911e2",
   "status": 0,
   "value": {
      "ELEMENT": ":wdc:1374727493279"
   }
}

[54.860][FINE]:     Command received (/session/e831ce54f0a77099967b351c837911e2/element) with params {
   "sessionId": "e831ce54f0a77099967b351c837911e2",
   "using": "xpath",
   "value": "//li[contains(@class,\"governance\")][1]/a//span[contains(.,\"...\")]"
}

[54.860][FINER]:    Waiting for all views to stop loading...
[54.860][FINER]:    Done waiting for all views to stop loading
[54.877][FINER]:    Waiting for all views to stop loading...
[54.878][FINER]:    Done waiting for all views to stop loading
[54.878][FINE]:     Command finished (/session/e831ce54f0a77099967b351c837911e2/element) with response {
   "sessionId": "e831ce54f0a77099967b351c837911e2",
   "status": 0,
   "value": {
      "ELEMENT": ":wdc:1374727493279"
   }
}

[55.381][FINE]:     Command received (/session/e831ce54f0a77099967b351c837911e2/element) with params {
   "sessionId": "e831ce54f0a77099967b351c837911e2",
   "using": "xpath",
   "value": "//li[contains(@class,\"governance\")][1]/a//span[contains(.,\"...\")]"
}

[55.381][FINER]:    Waiting for all views to stop loading...
[55.382][FINER]:    Done waiting for all views to stop loading
[55.388][FINER]:    Waiting for all views to stop loading...
[55.389][FINER]:    Done waiting for all views to stop loading
[55.389][FINE]:     Command finished (/session/e831ce54f0a77099967b351c837911e2/element) with response {
   "sessionId": "e831ce54f0a77099967b351c837911e2",
   "status": 0,
   "value": {
      "ELEMENT": ":wdc:1374727493279"
   }
}

[55.923][FINE]:     Command received (/session/e831ce54f0a77099967b351c837911e2/element) with params {
   "sessionId": "e831ce54f0a77099967b351c837911e2",
   "using": "xpath",
   "value": "//li[contains(@class,\"governance\")][1]/a//span[contains(.,\"...\")]"
}

[55.923][FINER]:    Waiting for all views to stop loading...
[55.923][FINER]:    Done waiting for all views to stop loading
[56.238][FINER]:    Waiting for all views to stop loading...
[56.238][FINER]:    Done waiting for all views to stop loading
[56.239][FINE]:     Command finished (/session/e831ce54f0a77099967b351c837911e2/element) with response {
   "sessionId": "e831ce54f0a77099967b351c837911e2",
   "status": 0,
   "value": {
      "ELEMENT": ":wdc:1374727493279"
   }
}

[56.746][FINE]:     Command received (/session/e831ce54f0a77099967b351c837911e2/element) with params {
   "sessionId": "e831ce54f0a77099967b351c837911e2",
   "using": "xpath",
   "value": "//li[contains(@class,\"governance\")][1]/a//span[contains(.,\"...\")]"
}

[56.746][FINER]:    Waiting for all views to stop loading...
[56.746][FINER]:    Done waiting for all views to stop loading
[56.983][FINER]:    Waiting for all views to stop loading...
[56.983][FINER]:    Done waiting for all views to stop loading
[56.983][FINE]:     Command finished (/session/e831ce54f0a77099967b351c837911e2/element) with response {
   "sessionId": "e831ce54f0a77099967b351c837911e2",
   "status": 0,
   "value": {
      "ELEMENT": ":wdc:1374727493279"
   }
}

[57.529][FINE]:     Command received (/session/e831ce54f0a77099967b351c837911e2/element) with params {
   "sessionId": "e831ce54f0a77099967b351c837911e2",
   "using": "xpath",
   "value": "//li[contains(@class,\"governance\")][1]/a//span[contains(.,\"...\")]"
}

[57.529][FINER]:    Waiting for all views to stop loading...
[57.532][FINER]:    Done waiting for all views to stop loading
[57.539][FINER]:    Waiting for all views to stop loading...
[57.540][FINER]:    Done waiting for all views to stop loading
[57.540][FINE]:     Command finished (/session/e831ce54f0a77099967b351c837911e2/element) with response {
   "sessionId": "e831ce54f0a77099967b351c837911e2",
   "status": 0,
   "value": {
      "ELEMENT": ":wdc:1374727493279"
   }
}

[58.045][FINE]:     Command received (/session/e831ce54f0a77099967b351c837911e2/element) with params {
   "sessionId": "e831ce54f0a77099967b351c837911e2",
   "using": "xpath",
   "value": "//li[contains(@class,\"governance\")][1]/a//span[contains(.,\"...\")]"
}

[58.045][FINER]:    Waiting for all views to stop loading...
[58.045][FINER]:    Done waiting for all views to stop loading
[58.054][FINER]:    Waiting for all views to stop loading...
[58.054][FINER]:    Done waiting for all views to stop loading
[58.054][FINE]:     Command finished (/session/e831ce54f0a77099967b351c837911e2/element) with response {
   "sessionId": "e831ce54f0a77099967b351c837911e2",
   "status": 0,
   "value": {
      "ELEMENT": ":wdc:1374727493279"
   }
}

[58.559][FINE]:     Command received (/session/e831ce54f0a77099967b351c837911e2/element) with params {
   "sessionId": "e831ce54f0a77099967b351c837911e2",
   "using": "xpath",
   "value": "//li[contains(@class,\"governance\")][1]/a//span[contains(.,\"...\")]"
}

[58.559][FINER]:    Waiting for all views to stop loading...
[58.559][FINER]:    Done waiting for all views to stop loading
[58.614][FINER]:    Waiting for all views to stop loading...
[58.614][FINER]:    Done waiting for all views to stop loading
[58.615][FINE]:     Command finished (/session/e831ce54f0a77099967b351c837911e2/element) with response {
   "sessionId": "e831ce54f0a77099967b351c837911e2",
   "status": 0,
   "value": {
      "ELEMENT": ":wdc:1374727493279"
   }
}

[59.122][FINE]:     Command received (/session/e831ce54f0a77099967b351c837911e2/element) with params {
   "sessionId": "e831ce54f0a77099967b351c837911e2",
   "using": "xpath",
   "value": "//li[contains(@class,\"governance\")][1]/a//span[contains(.,\"...\")]"
}

[59.122][FINER]:    Waiting for all views to stop loading...
[59.123][FINER]:    Done waiting for all views to stop loading
[59.192][FINER]:    Waiting for all views to stop loading...
[59.193][FINER]:    Done waiting for all views to stop loading
[59.193][FINE]:     Command finished (/session/e831ce54f0a77099967b351c837911e2/element) with response {
   "sessionId": "e831ce54f0a77099967b351c837911e2",
   "status": 0,
   "value": {
      "ELEMENT": ":wdc:1374727493279"
   }
}

[59.696][FINE]:     Command received (/session/e831ce54f0a77099967b351c837911e2/element) with params {
   "sessionId": "e831ce54f0a77099967b351c837911e2",
   "using": "xpath",
   "value": "//li[contains(@class,\"governance\")][1]/a//span[contains(.,\"...\")]"
}

[59.696][FINER]:    Waiting for all views to stop loading...
[59.697][FINER]:    Done waiting for all views to stop loading
[59.705][FINER]:    Waiting for all views to stop loading...
[59.705][FINER]:    Done waiting for all views to stop loading
[59.705][FINE]:     Command finished (/session/e831ce54f0a77099967b351c837911e2/element) with response {
   "sessionId": "e831ce54f0a77099967b351c837911e2",
   "status": 0,
   "value": {
      "ELEMENT": ":wdc:1374727493279"
   }
}

[60.211][FINE]:     Command received (/session/e831ce54f0a77099967b351c837911e2/element) with params {
   "sessionId": "e831ce54f0a77099967b351c837911e2",
   "using": "xpath",
   "value": "//li[contains(@class,\"governance\")][1]/a//span[contains(.,\"...\")]"
}

[60.211][FINER]:    Waiting for all views to stop loading...
[60.211][FINER]:    Done waiting for all views to stop loading
[60.635][FINER]:    Waiting for all views to stop loading...
[60.639][FINER]:    Done waiting for all views to stop loading
[60.639][FINE]:     Command finished (/session/e831ce54f0a77099967b351c837911e2/element) with response {
   "sessionId": "e831ce54f0a77099967b351c837911e2",
   "status": 0,
   "value": {
      "ELEMENT": ":wdc:1374727493279"
   }
}

[61.144][FINE]:     Command received (/session/e831ce54f0a77099967b351c837911e2/element) with params {
   "sessionId": "e831ce54f0a77099967b351c837911e2",
   "using": "xpath",
   "value": "//li[contains(@class,\"governance\")][1]/a//span[contains(.,\"...\")]"
}

[61.144][FINER]:    Waiting for all views to stop loading...
[61.145][FINER]:    Done waiting for all views to stop loading
[62.946][FINER]:    Waiting for all views to stop loading...
[63.015][FINER]:    Done waiting for all views to stop loading
[63.016][FINE]:     Command finished (/session/e831ce54f0a77099967b351c837911e2/element) with response {
   "sessionId": "e831ce54f0a77099967b351c837911e2",
   "status": 0,
   "value": {
      "ELEMENT": ":wdc:1374727493279"
   }
}

[63.523][FINE]:     Command received (/session/e831ce54f0a77099967b351c837911e2/element) with params {
   "sessionId": "e831ce54f0a77099967b351c837911e2",
   "using": "xpath",
   "value": "//li[contains(@class,\"governance\")][1]/a//span[contains(.,\"...\")]"
}

[63.523][FINER]:    Waiting for all views to stop loading...
[63.525][FINER]:    Done waiting for all views to stop loading
[63.616][FINER]:    Waiting for all views to stop loading...
[63.616][FINER]:    Done waiting for all views to stop loading
[63.616][FINE]:     Command finished (/session/e831ce54f0a77099967b351c837911e2/element) with response {
   "sessionId": "e831ce54f0a77099967b351c837911e2",
   "status": 0,
   "value": {
      "ELEMENT": ":wdc:1374727493279"
   }
}

[64.119][FINE]:     Command received (/session/e831ce54f0a77099967b351c837911e2/element) with params {
   "sessionId": "e831ce54f0a77099967b351c837911e2",
   "using": "xpath",
   "value": "//li[contains(@class,\"governance\")][1]/a//span[contains(.,\"...\")]"
}

[64.119][FINER]:    Waiting for all views to stop loading...
[64.119][FINER]:    Done waiting for all views to stop loading
[64.127][FINER]:    Waiting for all views to stop loading...
[64.128][FINER]:    Done waiting for all views to stop loading
[64.128][FINE]:     Command finished (/session/e831ce54f0a77099967b351c837911e2/element) with response {
   "sessionId": "e831ce54f0a77099967b351c837911e2",
   "status": 0,
   "value": {
      "ELEMENT": ":wdc:1374727493279"
   }
}

[64.636][FINE]:     Command received (/session/e831ce54f0a77099967b351c837911e2/element) with params {
   "sessionId": "e831ce54f0a77099967b351c837911e2",
   "using": "xpath",
   "value": "//li[contains(@class,\"governance\")][1]/a//span[contains(.,\"...\")]"
}

[64.636][FINER]:    Waiting for all views to stop loading...
[64.637][FINER]:    Done waiting for all views to stop loading
[66.919][FINER]:    Waiting for all views to stop loading...
[66.919][FINER]:    Done waiting for all views to stop loading
[66.919][FINE]:     Command finished (/session/e831ce54f0a77099967b351c837911e2/element) with response {
   "sessionId": "e831ce54f0a77099967b351c837911e2",
   "status": 0,
   "value": {
      "ELEMENT": ":wdc:1374727493279"
   }
}

[67.423][FINE]:     Command received (/session/e831ce54f0a77099967b351c837911e2/element) with params {
   "sessionId": "e831ce54f0a77099967b351c837911e2",
   "using": "xpath",
   "value": "//li[contains(@class,\"governance\")][1]/a//span[contains(.,\"...\")]"
}

[67.423][FINER]:    Waiting for all views to stop loading...
[67.424][FINER]:    Done waiting for all views to stop loading
[67.440][FINER]:    Waiting for all views to stop loading...
[67.440][FINER]:    Done waiting for all views to stop loading
[67.440][FINE]:     Command finished (/session/e831ce54f0a77099967b351c837911e2/element) with response {
   "sessionId": "e831ce54f0a77099967b351c837911e2",
   "status": 0,
   "value": {
      "ELEMENT": ":wdc:1374727493279"
   }
}

[67.945][FINE]:     Command received (/session/e831ce54f0a77099967b351c837911e2/element) with params {
   "sessionId": "e831ce54f0a77099967b351c837911e2",
   "using": "xpath",
   "value": "//li[contains(@class,\"governance\")][1]/a//span[contains(.,\"...\")]"
}

[67.945][FINER]:    Waiting for all views to stop loading...
[67.945][FINER]:    Done waiting for all views to stop loading
[67.956][FINER]:    Waiting for all views to stop loading...
[67.956][FINER]:    Done waiting for all views to stop loading
[67.956][FINE]:     Command finished (/session/e831ce54f0a77099967b351c837911e2/element) with response {
   "sessionId": "e831ce54f0a77099967b351c837911e2",
   "status": 0,
   "value": {
      "ELEMENT": ":wdc:1374727493279"
   }
}

[68.460][FINE]:     Command received (/session/e831ce54f0a77099967b351c837911e2/element) with params {
   "sessionId": "e831ce54f0a77099967b351c837911e2",
   "using": "xpath",
   "value": "//li[contains(@class,\"governance\")][1]/a//span[contains(.,\"...\")]"
}

[68.460][FINER]:    Waiting for all views to stop loading...
[68.460][FINER]:    Done waiting for all views to stop loading
[68.469][FINER]:    Waiting for all views to stop loading...
[68.470][FINER]:    Done waiting for all views to stop loading
[68.470][FINE]:     Command finished (/session/e831ce54f0a77099967b351c837911e2/element) with response {
   "sessionId": "e831ce54f0a77099967b351c837911e2",
   "status": 0,
   "value": {
      "ELEMENT": ":wdc:1374727493279"
   }
}

[68.974][FINE]:     Command received (/session/e831ce54f0a77099967b351c837911e2/element) with params {
   "sessionId": "e831ce54f0a77099967b351c837911e2",
   "using": "xpath",
   "value": "//li[contains(@class,\"governance\")][1]/a//span[contains(.,\"...\")]"
}

[68.974][FINER]:    Waiting for all views to stop loading...
[68.975][FINER]:    Done waiting for all views to stop loading
[68.985][FINER]:    Waiting for all views to stop loading...
[68.986][FINER]:    Done waiting for all views to stop loading
[68.986][FINE]:     Command finished (/session/e831ce54f0a77099967b351c837911e2/element) with response {
   "sessionId": "e831ce54f0a77099967b351c837911e2",
   "status": 0,
   "value": {
      "ELEMENT": ":wdc:1374727493279"
   }
}

[69.492][FINE]:     Command received (/session/e831ce54f0a77099967b351c837911e2/element) with params {
   "sessionId": "e831ce54f0a77099967b351c837911e2",
   "using": "xpath",
   "value": "//li[contains(@class,\"governance\")][1]/a//span[contains(.,\"...\")]"
}

[69.492][FINER]:    Waiting for all views to stop loading...
[69.493][FINER]:    Done waiting for all views to stop loading
[69.505][FINER]:    Waiting for all views to stop loading...
[69.505][FINER]:    Done waiting for all views to stop loading
[69.505][FINE]:     Command finished (/session/e831ce54f0a77099967b351c837911e2/element) with response {
   "sessionId": "e831ce54f0a77099967b351c837911e2",
   "status": 0,
   "value": {
      "ELEMENT": ":wdc:1374727493279"
   }
}

[70.009][FINE]:     Command received (/session/e831ce54f0a77099967b351c837911e2/element) with params {
   "sessionId": "e831ce54f0a77099967b351c837911e2",
   "using": "xpath",
   "value": "//li[contains(@class,\"governance\")][1]/a//span[contains(.,\"...\")]"
}

[70.009][FINER]:    Waiting for all views to stop loading...
[70.010][FINER]:    Done waiting for all views to stop loading
[70.019][FINER]:    Waiting for all views to stop loading...
[70.020][FINER]:    Done waiting for all views to stop loading
[70.020][FINE]:     Command finished (/session/e831ce54f0a77099967b351c837911e2/element) with response {
   "sessionId": "e831ce54f0a77099967b351c837911e2",
   "status": 0,
   "value": {
      "ELEMENT": ":wdc:1374727493279"
   }
}

[70.526][FINE]:     Command received (/session/e831ce54f0a77099967b351c837911e2/element) with params {
   "sessionId": "e831ce54f0a77099967b351c837911e2",
   "using": "xpath",
   "value": "//li[contains(@class,\"governance\")][1]/a//span[contains(.,\"...\")]"
}

[70.526][FINER]:    Waiting for all views to stop loading...
[70.526][FINER]:    Done waiting for all views to stop loading
[70.536][FINER]:    Waiting for all views to stop loading...
[70.537][FINER]:    Done waiting for all views to stop loading
[70.537][FINE]:     Command finished (/session/e831ce54f0a77099967b351c837911e2/element) with response {
   "sessionId": "e831ce54f0a77099967b351c837911e2",
   "status": 0,
   "value": {
      "ELEMENT": ":wdc:1374727493279"
   }
}

[71.040][FINE]:     Command received (/session/e831ce54f0a77099967b351c837911e2/element) with params {
   "sessionId": "e831ce54f0a77099967b351c837911e2",
   "using": "xpath",
   "value": "//li[contains(@class,\"governance\")][1]/a//span[contains(.,\"...\")]"
}

[71.040][FINER]:    Waiting for all views to stop loading...
[71.041][FINER]:    Done waiting for all views to stop loading
[71.053][FINER]:    Waiting for all views to stop loading...
[71.053][FINER]:    Done waiting for all views to stop loading
[71.053][FINE]:     Command finished (/session/e831ce54f0a77099967b351c837911e2/element) with response {
   "sessionId": "e831ce54f0a77099967b351c837911e2",
   "status": 0,
   "value": {
      "ELEMENT": ":wdc:1374727493279"
   }
}

[71.557][FINE]:     Command received (/session/e831ce54f0a77099967b351c837911e2/element) with params {
   "sessionId": "e831ce54f0a77099967b351c837911e2",
   "using": "xpath",
   "value": "//li[contains(@class,\"governance\")][1]/a//span[contains(.,\"...\")]"
}

[71.557][FINER]:    Waiting for all views to stop loading...
[71.557][FINER]:    Done waiting for all views to stop loading
[71.566][FINER]:    Waiting for all views to stop loading...
[71.567][FINER]:    Done waiting for all views to stop loading
[71.567][FINE]:     Command finished (/session/e831ce54f0a77099967b351c837911e2/element) with response {
   "sessionId": "e831ce54f0a77099967b351c837911e2",
   "status": 0,
   "value": {
      "ELEMENT": ":wdc:1374727493279"
   }
}

[72.070][FINE]:     Command received (/session/e831ce54f0a77099967b351c837911e2/element) with params {
   "sessionId": "e831ce54f0a77099967b351c837911e2",
   "using": "xpath",
   "value": "//li[contains(@class,\"governance\")][1]/a//span[contains(.,\"...\")]"
}

[72.070][FINER]:    Waiting for all views to stop loading...
[72.070][FINER]:    Done waiting for all views to stop loading
[72.078][FINER]:    Waiting for all views to stop loading...
[72.078][FINER]:    Done waiting for all views to stop loading
[72.079][FINE]:     Command finished (/session/e831ce54f0a77099967b351c837911e2/element) with response {
   "sessionId": "e831ce54f0a77099967b351c837911e2",
   "status": 0,
   "value": {
      "ELEMENT": ":wdc:1374727493279"
   }
}

[72.600][FINE]:     Command received (/session/e831ce54f0a77099967b351c837911e2/element) with params {
   "sessionId": "e831ce54f0a77099967b351c837911e2",
   "using": "xpath",
   "value": "//li[contains(@class,\"governance\")][1]/a//span[contains(.,\"...\")]"
}

[72.600][FINER]:    Waiting for all views to stop loading...
[72.601][FINER]:    Done waiting for all views to stop loading
[80.445][FINER]:    Waiting for all views to stop loading...
[80.450][FINER]:    Done waiting for all views to stop loading
[80.450][FINE]:     Command finished (/session/e831ce54f0a77099967b351c837911e2/element) with response {
   "sessionId": "e831ce54f0a77099967b351c837911e2",
   "status": 0,
   "value": {
      "ELEMENT": ":wdc:1374727493279"
   }
}

[80.954][FINE]:     Command received (/session/e831ce54f0a77099967b351c837911e2/element) with params {
   "sessionId": "e831ce54f0a77099967b351c837911e2",
   "using": "xpath",
   "value": "//li[contains(@class,\"governance\")][1]/a//span[contains(.,\"...\")]"
}

[80.954][FINER]:    Waiting for all views to stop loading...
[80.954][FINER]:    Done waiting for all views to stop loading
[84.370][FINER]:    Waiting for all views to stop loading...
[84.370][FINER]:    Done waiting for all views to stop loading
[84.370][WARNING]:  Command finished (/session/e831ce54f0a77099967b351c837911e2/element) with response {
   "sessionId": "e831ce54f0a77099967b351c837911e2",
   "status": 7,
   "value": {
      "message": "The element could not be found"
   }
}

[85.374][FINE]:     Command received (/session/e831ce54f0a77099967b351c837911e2/element) with params {
   "sessionId": "e831ce54f0a77099967b351c837911e2",
   "using": "xpath",
   "value": "//li[contains(@class,\"governance\")][2]/a//span[contains(.,\"...\")]"
}

[85.374][FINER]:    Waiting for all views to stop loading...
[85.375][FINER]:    Done waiting for all views to stop loading
[85.402][FINER]:    Waiting for all views to stop loading...
[85.403][FINER]:    Done waiting for all views to stop loading
[85.403][WARNING]:  Command finished (/session/e831ce54f0a77099967b351c837911e2/element) with response {
   "sessionId": "e831ce54f0a77099967b351c837911e2",
   "status": 7,
   "value": {
      "message": "The element could not be found"
   }
}

[86.406][FINE]:     Command received (/session/e831ce54f0a77099967b351c837911e2/element) with params {
   "sessionId": "e831ce54f0a77099967b351c837911e2",
   "using": "xpath",
   "value": "//li[contains(@class,\"governance\")][3]/a//span[contains(.,\"...\")]"
}

[86.406][FINER]:    Waiting for all views to stop loading...
[86.407][FINER]:    Done waiting for all views to stop loading
[86.440][FINER]:    Waiting for all views to stop loading...
[86.440][FINER]:    Done waiting for all views to stop loading
[86.441][WARNING]:  Command finished (/session/e831ce54f0a77099967b351c837911e2/element) with response {
   "sessionId": "e831ce54f0a77099967b351c837911e2",
   "status": 7,
   "value": {
      "message": "The element could not be found"
   }
}

[87.444][FINE]:     Command received (/session/e831ce54f0a77099967b351c837911e2/element) with params {
   "sessionId": "e831ce54f0a77099967b351c837911e2",
   "using": "xpath",
   "value": "//li[contains(@class,\"governance\")][4]/a//span[contains(.,\"...\")]"
}

[87.444][FINER]:    Waiting for all views to stop loading...
[87.444][FINER]:    Done waiting for all views to stop loading
[87.472][FINER]:    Waiting for all views to stop loading...
[87.473][FINER]:    Done waiting for all views to stop loading
[87.473][WARNING]:  Command finished (/session/e831ce54f0a77099967b351c837911e2/element) with response {
   "sessionId": "e831ce54f0a77099967b351c837911e2",
   "status": 7,
   "value": {
      "message": "The element could not be found"
   }
}

[88.477][FINE]:     Command received (/session/e831ce54f0a77099967b351c837911e2/element) with params {
   "sessionId": "e831ce54f0a77099967b351c837911e2",
   "using": "xpath",
   "value": "//section[@id=\"business_objects_widget\"]//ul[@class=\"nav nav-tabs\"]//a[@data-object-singular=\"Sys..."
}

[88.477][FINER]:    Waiting for all views to stop loading...
[88.477][FINER]:    Done waiting for all views to stop loading
[88.508][FINER]:    Waiting for all views to stop loading...
[88.508][FINER]:    Done waiting for all views to stop loading
[88.508][FINE]:     Command finished (/session/e831ce54f0a77099967b351c837911e2/element) with response {
   "sessionId": "e831ce54f0a77099967b351c837911e2",
   "status": 0,
   "value": {
      "ELEMENT": ":wdc:1374727493280"
   }
}

[88.510][FINE]:     Command received (/session/e831ce54f0a77099967b351c837911e2/execute) with params {
   "args": [ {
      "ELEMENT": ":wdc:1374727493280"
   } ],
   "script": "return arguments[0].click();",
   "sessionId": "e831ce54f0a77099967b351c837911e2"
}

[88.510][FINER]:    Waiting for all views to stop loading...
[88.511][FINER]:    Done waiting for all views to stop loading
[88.564][FINER]:    Waiting for all views to stop loading...
[88.564][FINER]:    Done waiting for all views to stop loading
[88.564][FINE]:     Command finished (/session/e831ce54f0a77099967b351c837911e2/execute) with response {
   "sessionId": "e831ce54f0a77099967b351c837911e2",
   "status": 0,
   "value": null
}

[89.568][FINE]:     Command received (/session/e831ce54f0a77099967b351c837911e2/element) with params {
   "sessionId": "e831ce54f0a77099967b351c837911e2",
   "using": "xpath",
   "value": "//div[contains(@id,\"systems\")]//li[1]//span[contains(.,\"system-test2013_07_24__22_44_07\")]"
}

[89.568][FINER]:    Waiting for all views to stop loading...
[89.569][FINER]:    Done waiting for all views to stop loading
[89.606][FINER]:    Waiting for all views to stop loading...
[89.607][FINER]:    Done waiting for all views to stop loading
[89.607][FINE]:     Command finished (/session/e831ce54f0a77099967b351c837911e2/element) with response {
   "sessionId": "e831ce54f0a77099967b351c837911e2",
   "status": 0,
   "value": {
      "ELEMENT": ":wdc:1374727493281"
   }
}

[89.609][FINE]:     Command received (/session/e831ce54f0a77099967b351c837911e2/element) with params {
   "sessionId": "e831ce54f0a77099967b351c837911e2",
   "using": "xpath",
   "value": "//div[contains(@id,\"systems\")]//li[1]//span[contains(.,\"system-test2013_07_24__22_44_07\")]"
}

[89.609][FINER]:    Waiting for all views to stop loading...
[89.609][FINER]:    Done waiting for all views to stop loading
[89.618][FINER]:    Waiting for all views to stop loading...
[89.618][FINER]:    Done waiting for all views to stop loading
[89.618][FINE]:     Command finished (/session/e831ce54f0a77099967b351c837911e2/element) with response {
   "sessionId": "e831ce54f0a77099967b351c837911e2",
   "status": 0,
   "value": {
      "ELEMENT": ":wdc:1374727493281"
   }
}

[89.620][FINE]:     Command received (/session/e831ce54f0a77099967b351c837911e2)
[89.854][INFO]:     Chrome shutdown
