[0.013][INFO]:      ChromeDriver 26.0.1383.0 /Users/diana.tzinov/bin/chromedriver
[0.913][FINE]:      Initializing session with capabilities {
   "browserName": "chrome",
   "chromeOptions": {
      "args": [  ],
      "binary": "",
      "extensions": [  ]
   },
   "javascriptEnabled": true,
   "platform": "ANY",
   "version": ""
}

[0.920][INFO]:      Launching chrome: /Applications/Google Chrome.app/Contents/MacOS/Google Chrome --disable-hang-monitor --disable-prompt-on-repost --dom-automation --full-memory-crash-report --no-default-browser-check --no-first-run --disable-background-networking --disable-sync --disable-translate --disable-web-resources --safebrowsing-disable-auto-update --safebrowsing-disable-download-protection --disable-client-side-phishing-detection --disable-component-update --disable-default-apps --enable-logging --log-level=1 --use-mock-keychain --ignore-certificate-errors about:blank
[3.035][INFO]:      Connected to Chrome successfully. Version: 29.0.1547.65
[3.099][FINE]:      Command received (/session/2760c82fcfd0b935da1318b8b98d9835)
[3.099][FINE]:      Command finished (/session/2760c82fcfd0b935da1318b8b98d9835) with response {
   "sessionId": "2760c82fcfd0b935da1318b8b98d9835",
   "status": 0,
   "value": {
      "acceptSslCerts": false,
      "applicationCacheEnabled": false,
      "browserConnectionEnabled": false,
      "browserName": "chrome",
      "chrome.chromedriverVersion": "26.0.1383.0",
      "cssSelectorsEnabled": true,
      "databaseEnabled": false,
      "handlesAlerts": true,
      "javascriptEnabled": true,
      "locationContextEnabled": false,
      "nativeEvents": true,
      "platform": "mac",
      "rotatable": false,
      "takesScreenshot": true,
      "version": "29.0.1547.65",
      "webStorageEnabled": true
   }
}

[3.366][FINE]:      Command received (/session/2760c82fcfd0b935da1318b8b98d9835/url) with params {
   "sessionId": "2760c82fcfd0b935da1318b8b98d9835",
   "url": " http://grc-test.appspot.com/"
}

[3.366][FINER]:     Waiting for all views to stop loading...
[3.367][FINER]:     Done waiting for all views to stop loading
[3.800][FINE]:      Command received (/session/2760c82fcfd0b935da1318b8b98d9835)
[5.711][INFO]:      Chrome shutdown
